2026-02-13 17:45:26,219 - src.preprocessing.language_detector - INFO - Detected language: english
2026-02-13 17:45:26,385 - src.preprocessing.language_detector - INFO - Detected language: english
2026-02-13 17:50:37,990 - src.preprocessing.language_detector - INFO - Detected language: english
2026-02-13 17:50:38,110 - src.preprocessing.language_detector - INFO - Detected language: english
2026-02-13 17:50:57,678 - src.preprocessing.language_detector - INFO - Detected language: english
2026-02-13 17:50:57,765 - src.preprocessing.language_detector - INFO - Detected language: english
2026-02-13 18:04:17,781 - src.preprocessing.language_detector - INFO - Detected language: english
2026-02-13 18:04:17,892 - src.preprocessing.language_detector - INFO - Detected language: english
2026-02-13 18:09:06,523 - src.preprocessing.language_detector - INFO - Detected language: english
2026-02-13 18:09:06,699 - src.preprocessing.language_detector - INFO - Detected language: english
2026-02-13 18:14:57,528 - src.preprocessing.language_detector - INFO - Unsupported language detected: af, defaulting to English
2026-02-13 18:14:57,656 - src.preprocessing.language_detector - INFO - Unsupported language detected: af, defaulting to English
2026-02-13 18:33:51,730 - src.preprocessing.language_detector - INFO - Detected language: english
2026-02-13 18:33:51,981 - src.preprocessing.language_detector - INFO - Detected language: english
2026-02-13 18:36:08,562 - src.preprocessing.language_detector - INFO - Detected language: english
2026-02-13 18:36:08,635 - src.preprocessing.language_detector - INFO - Detected language: english
2026-02-13 18:39:00,839 - src.preprocessing.language_detector - INFO - Unsupported language detected: sv, defaulting to English
2026-02-13 18:39:01,151 - src.preprocessing.language_detector - INFO - Unsupported language detected: sv, defaulting to English
2026-02-13 18:39:23,162 - src.preprocessing.language_detector - INFO - Detected language: english
2026-02-13 18:39:23,248 - src.preprocessing.language_detector - INFO - Detected language: english
2026-02-13 18:54:56,076 - src.preprocessing.language_detector - INFO - Unsupported language detected: no, defaulting to English
2026-02-13 18:54:56,220 - src.preprocessing.language_detector - INFO - Unsupported language detected: no, defaulting to English
2026-02-13 18:55:52,495 - src.preprocessing.language_detector - INFO - Detected language: english
2026-02-13 18:55:52,591 - src.preprocessing.language_detector - INFO - Detected language: english
2026-02-13 18:58:49,645 - src.preprocessing.language_detector - INFO - Detected language: english
2026-02-13 18:58:49,769 - src.preprocessing.language_detector - INFO - Detected language: english
2026-02-13 19:08:25,295 - src.preprocessing.language_detector - INFO - Unsupported language detected: af, defaulting to English
2026-02-13 19:08:25,686 - src.preprocessing.language_detector - INFO - Unsupported language detected: af, defaulting to English
2026-02-13 19:11:59,435 - src.preprocessing.language_detector - INFO - Detected language: english
2026-02-13 19:11:59,563 - src.preprocessing.language_detector - INFO - Detected language: english
2026-02-13 19:12:01,603 - src.preprocessing.language_detector - INFO - Detected language: english
2026-02-13 19:12:01,702 - src.preprocessing.language_detector - INFO - Detected language: english
2026-02-13 19:12:03,765 - src.preprocessing.language_detector - INFO - Detected language: english
2026-02-13 19:12:03,855 - src.preprocessing.language_detector - INFO - Detected language: english
2026-02-13 19:12:05,879 - src.preprocessing.language_detector - INFO - Detected language: english
2026-02-13 19:12:05,955 - src.preprocessing.language_detector - INFO - Detected language: english
2026-02-13 19:12:08,004 - src.preprocessing.language_detector - INFO - Detected language: english
2026-02-13 19:12:08,094 - src.preprocessing.language_detector - INFO - Detected language: english
2026-02-13 19:12:10,136 - src.preprocessing.language_detector - INFO - Detected language: hindi
2026-02-13 19:12:10,228 - src.preprocessing.language_detector - INFO - Detected language: hindi
2026-02-13 19:12:12,264 - src.preprocessing.language_detector - INFO - Detected language: english
2026-02-13 19:12:12,335 - src.preprocessing.language_detector - INFO - Detected language: english
2026-02-13 19:12:12,343 - src.preprocessing.language_detector - INFO - Detected language: english
2026-02-13 19:12:12,420 - src.preprocessing.language_detector - INFO - Detected language: english
2026-02-13 19:12:12,425 - src.preprocessing.language_detector - INFO - Detected language: english
2026-02-13 19:12:12,499 - src.preprocessing.language_detector - INFO - Detected language: english
2026-02-13 19:12:12,503 - src.preprocessing.language_detector - INFO - Detected language: hindi
2026-02-13 19:12:12,619 - src.preprocessing.language_detector - INFO - Detected language: hindi
2026-02-13 19:12:12,633 - src.preprocessing.language_detector - INFO - Detected language: english
2026-02-13 19:12:12,723 - src.preprocessing.language_detector - INFO - Detected language: english
2026-02-13 19:12:12,727 - src.preprocessing.language_detector - INFO - Detected language: english
2026-02-13 19:12:12,821 - src.preprocessing.language_detector - INFO - Detected language: english
2026-02-13 19:12:21,006 - src.preprocessing.language_detector - INFO - Detected language: english
2026-02-13 19:12:21,087 - src.preprocessing.language_detector - INFO - Detected language: english
2026-02-13 19:12:23,129 - src.preprocessing.language_detector - ERROR - Language detection failed: No features in text., defaulting to English
2026-02-13 19:12:23,197 - src.preprocessing.language_detector - ERROR - Language detection failed: No features in text., defaulting to English
2026-02-13 19:17:46,499 - src.preprocessing.language_detector - INFO - Detected language: english
2026-02-13 19:17:46,610 - src.preprocessing.language_detector - INFO - Detected language: english
2026-02-13 19:17:46,809 - src.preprocessing.language_detector - INFO - Detected language: english
2026-02-13 19:17:46,886 - src.preprocessing.language_detector - INFO - Detected language: english
2026-02-13 19:17:46,894 - src.preprocessing.language_detector - INFO - Unsupported language detected: de, defaulting to English
2026-02-13 19:17:46,977 - src.preprocessing.language_detector - INFO - Unsupported language detected: de, defaulting to English
2026-02-13 19:24:23,924 - src.preprocessing.language_detector - INFO - Detected language: english
2026-02-13 19:24:24,038 - src.preprocessing.language_detector - INFO - Detected language: english
2026-02-13 19:26:03,049 - src.preprocessing.language_detector - INFO - Unsupported language detected: it, defaulting to English
2026-02-13 19:26:03,149 - src.preprocessing.language_detector - INFO - Unsupported language detected: it, defaulting to English
2026-02-13 19:26:51,424 - src.preprocessing.language_detector - INFO - Detected language: english
2026-02-13 19:26:51,584 - src.preprocessing.language_detector - INFO - Detected language: english
2026-02-13 19:28:20,703 - src.preprocessing.language_detector - INFO - Detected language: english
2026-02-13 19:28:20,761 - src.preprocessing.language_detector - INFO - Detected language: english
2026-02-13 19:29:20,429 - src.preprocessing.language_detector - INFO - Detected language: english
2026-02-13 19:29:20,510 - src.preprocessing.language_detector - INFO - Detected language: english
2026-02-13 19:29:38,179 - src.preprocessing.language_detector - INFO - Detected language: english
2026-02-13 19:29:38,241 - src.preprocessing.language_detector - INFO - Detected language: english
2026-02-13 19:30:36,877 - src.preprocessing.language_detector - INFO - Detected language: english
2026-02-13 19:30:36,970 - src.preprocessing.language_detector - INFO - Detected language: english
2026-02-13 19:30:40,540 - src.preprocessing.language_detector - INFO - Detected language: english
2026-02-13 19:30:40,609 - src.preprocessing.language_detector - INFO - Detected language: english
2026-02-13 19:30:41,355 - src.preprocessing.language_detector - INFO - Detected language: english
2026-02-13 19:30:41,423 - src.preprocessing.language_detector - INFO - Detected language: english
2026-02-13 19:30:55,599 - src.preprocessing.language_detector - INFO - Unsupported language detected: sv, defaulting to English
2026-02-13 19:30:55,666 - src.preprocessing.language_detector - INFO - Unsupported language detected: sv, defaulting to English
2026-02-13 19:31:10,751 - src.preprocessing.language_detector - INFO - Detected language: english
2026-02-13 19:31:10,812 - src.preprocessing.language_detector - INFO - Detected language: english
