2026-02-13 17:42:28,352 - src.models.predict - INFO - Loading model components...
2026-02-13 17:42:36,214 - src.models.predict - INFO - All model components loaded successfully
2026-02-13 17:42:55,297 - src.models.predict - INFO - Loading model components...
2026-02-13 17:43:02,362 - src.models.predict - INFO - All model components loaded successfully
2026-02-13 17:44:13,093 - src.models.predict - INFO - Loading model components...
2026-02-13 17:44:19,457 - src.models.predict - INFO - All model components loaded successfully
2026-02-13 17:45:26,386 - src.models.predict - INFO - Prediction completed: 90.84 (High)
2026-02-13 17:50:38,110 - src.models.predict - INFO - Prediction completed: 91.09 (High)
2026-02-13 17:50:57,769 - src.models.predict - INFO - Prediction completed: 90.00 (High)
2026-02-13 18:02:02,771 - src.models.predict - INFO - Loading model components...
2026-02-13 18:02:10,419 - src.models.predict - INFO - All model components loaded successfully
2026-02-13 18:02:56,309 - src.models.predict - INFO - Loading model components...
2026-02-13 18:03:02,486 - src.models.predict - INFO - All model components loaded successfully
2026-02-13 18:04:17,892 - src.models.predict - INFO - Prediction completed: 90.84 (High)
2026-02-13 18:05:42,819 - src.models.predict - INFO - Loading model components...
2026-02-13 18:05:48,843 - src.models.predict - INFO - All model components loaded successfully
2026-02-13 18:07:31,091 - src.models.predict - INFO - Loading model components...
2026-02-13 18:07:37,704 - src.models.predict - INFO - All model components loaded successfully
2026-02-13 18:09:06,700 - src.models.predict - INFO - Prediction completed: 90.00 (High)
2026-02-13 18:10:14,666 - src.models.predict - INFO - Loading model components...
2026-02-13 18:10:20,966 - src.models.predict - INFO - All model components loaded successfully
2026-02-13 18:14:57,656 - src.models.predict - INFO - Prediction completed: 90.77 (High)
2026-02-13 18:33:51,981 - src.models.predict - INFO - Prediction completed: 72.21 (Low)
2026-02-13 18:36:08,635 - src.models.predict - INFO - Prediction completed: 72.21 (Low)
2026-02-13 18:39:01,152 - src.models.predict - INFO - Prediction completed: 83.61 (Medium)
2026-02-13 18:39:23,248 - src.models.predict - INFO - Prediction completed: 90.51 (High)
2026-02-13 18:50:27,310 - src.models.predict - INFO - Loading model components...
2026-02-13 18:50:34,752 - src.models.predict - INFO - All model components loaded successfully
2026-02-13 18:54:56,220 - src.models.predict - INFO - Prediction completed: 90.31 (High)
2026-02-13 18:55:52,592 - src.models.predict - INFO - Prediction completed: 80.74 (Medium)
2026-02-13 18:58:49,769 - src.models.predict - INFO - Prediction completed: 83.44 (Medium)
2026-02-13 19:02:55,246 - src.models.predict - INFO - Loading model components...
2026-02-13 19:03:04,085 - src.models.predict - INFO - All model components loaded successfully
2026-02-13 19:08:19,299 - src.models.predict - INFO - Loading model components...
2026-02-13 19:08:25,686 - src.models.predict - INFO - Prediction completed: 91.76 (High)
2026-02-13 19:08:26,154 - src.models.predict - INFO - All model components loaded successfully
2026-02-13 19:11:17,847 - src.models.predict - INFO - Loading model components...
2026-02-13 19:11:24,680 - src.models.predict - INFO - All model components loaded successfully
2026-02-13 19:11:59,564 - src.models.predict - INFO - Prediction completed: 91.17 (High)
2026-02-13 19:12:01,702 - src.models.predict - INFO - Prediction completed: 91.51 (High)
2026-02-13 19:12:03,856 - src.models.predict - INFO - Prediction completed: 85.40 (Medium)
2026-02-13 19:12:05,956 - src.models.predict - INFO - Prediction completed: 81.87 (Medium)
2026-02-13 19:12:08,095 - src.models.predict - INFO - Prediction completed: 84.92 (Medium)
2026-02-13 19:12:10,228 - src.models.predict - INFO - Prediction completed: 92.27 (High)
2026-02-13 19:12:12,261 - src.models.predict - INFO - Starting batch prediction for 6 tickets
2026-02-13 19:12:12,336 - src.models.predict - INFO - Prediction completed: 91.09 (High)
2026-02-13 19:12:12,420 - src.models.predict - INFO - Prediction completed: 85.77 (Medium)
2026-02-13 19:12:12,500 - src.models.predict - INFO - Prediction completed: 81.91 (Medium)
2026-02-13 19:12:12,620 - src.models.predict - INFO - Prediction completed: 86.79 (Medium)
2026-02-13 19:12:12,723 - src.models.predict - INFO - Prediction completed: 87.77 (Medium)
2026-02-13 19:12:12,822 - src.models.predict - INFO - Prediction completed: 93.46 (High)
2026-02-13 19:12:12,822 - src.models.predict - INFO - Batch prediction completed
2026-02-13 19:12:21,087 - src.models.predict - INFO - Prediction completed: 90.00 (High)
2026-02-13 19:12:23,197 - src.models.predict - INFO - Prediction completed: 65.24 (Low)
2026-02-13 19:17:46,610 - src.models.predict - INFO - Prediction completed: 90.00 (High)
2026-02-13 19:17:46,804 - src.models.predict - INFO - Starting batch prediction for 2 tickets
2026-02-13 19:17:46,886 - src.models.predict - INFO - Prediction completed: 90.00 (High)
2026-02-13 19:17:46,977 - src.models.predict - INFO - Prediction completed: 90.34 (High)
2026-02-13 19:17:46,977 - src.models.predict - INFO - Batch prediction completed
2026-02-13 19:22:02,507 - src.models.predict - INFO - Loading model components...
2026-02-13 19:22:09,229 - src.models.predict - INFO - All model components loaded successfully
2026-02-13 19:24:24,038 - src.models.predict - INFO - Prediction completed: 87.89 (Medium)
2026-02-13 19:26:03,149 - src.models.predict - INFO - Prediction completed: 87.18 (Medium)
2026-02-13 19:26:51,584 - src.models.predict - INFO - Prediction completed: 90.86 (High)
2026-02-13 19:28:20,761 - src.models.predict - INFO - Prediction completed: 90.86 (High)
2026-02-13 19:29:20,511 - src.models.predict - INFO - Prediction completed: 90.86 (High)
2026-02-13 19:29:38,242 - src.models.predict - INFO - Prediction completed: 90.86 (High)
2026-02-13 19:30:36,970 - src.models.predict - INFO - Prediction completed: 90.96 (High)
2026-02-13 19:30:40,609 - src.models.predict - INFO - Prediction completed: 90.96 (High)
2026-02-13 19:30:41,423 - src.models.predict - INFO - Prediction completed: 90.96 (High)
2026-02-13 19:30:55,667 - src.models.predict - INFO - Prediction completed: 82.19 (Medium)
2026-02-13 19:31:10,812 - src.models.predict - INFO - Prediction completed: 90.96 (High)
